0 info it worked if it ends with ok
1 verbose cli [ '/home/ubuntu/.nvm/versions/node/v4.5.0/bin/node',
1 verbose cli   '/home/ubuntu/.nvm/versions/node/v4.5.0/bin/npm',
1 verbose cli   'publish' ]
2 info using npm@2.15.9
3 info using node@v4.5.0
4 verbose publish [ '.' ]
5 verbose stack Error: No version provided
5 verbose stack     at /home/ubuntu/.nvm/versions/node/v4.5.0/lib/node_modules/npm/lib/publish.js:52:36
5 verbose stack     at /home/ubuntu/.nvm/versions/node/v4.5.0/lib/node_modules/npm/node_modules/read-package-json/read-json.js:356:5
5 verbose stack     at checkBinReferences_ (/home/ubuntu/.nvm/versions/node/v4.5.0/lib/node_modules/npm/node_modules/read-package-json/read-json.js:320:45)
5 verbose stack     at final (/home/ubuntu/.nvm/versions/node/v4.5.0/lib/node_modules/npm/node_modules/read-package-json/read-json.js:354:3)
5 verbose stack     at then (/home/ubuntu/.nvm/versions/node/v4.5.0/lib/node_modules/npm/node_modules/read-package-json/read-json.js:124:5)
5 verbose stack     at /home/ubuntu/.nvm/versions/node/v4.5.0/lib/node_modules/npm/node_modules/read-package-json/read-json.js:311:12
5 verbose stack     at /home/ubuntu/.nvm/versions/node/v4.5.0/lib/node_modules/npm/node_modules/graceful-fs/graceful-fs.js:78:16
5 verbose stack     at FSReqWrap.readFileAfterClose [as oncomplete] (fs.js:380:3)
6 verbose cwd /home/ubuntu/workspace
7 error Linux 4.2.0-c9
8 error argv "/home/ubuntu/.nvm/versions/node/v4.5.0/bin/node" "/home/ubuntu/.nvm/versions/node/v4.5.0/bin/npm" "publish"
9 error node v4.5.0
10 error npm  v2.15.9
11 error No version provided
12 error If you need help, you may report this error at:
12 error     <https://github.com/npm/npm/issues>
13 verbose exit [ 1, true ]
